#
# A fatal error has been detected by the Java Runtime Environment:
#
#  EXCEPTION_ACCESS_VIOLATION (0xc0000005) at pc=0x00007ffe3835a4fd, pid=6856, tid=0x0000000000005b00
#
# JRE version: Java(TM) SE Runtime Environment (8.0_251-b08) (build 1.8.0_251-b08)
# Java VM: Java HotSpot(TM) 64-Bit Server VM (25.251-b08 mixed mode windows-amd64 compressed oops)
# Problematic frame:
# C  [ucrtbase.dll+0x1a4fd]
#
# Failed to write core dump. Minidumps are not enabled by default on client versions of Windows
#
# If you would like to submit a bug report, please visit:
#   http://bugreport.java.com/bugreport/crash.jsp
# The crash happened outside the Java Virtual Machine in native code.
# See problematic frame for where to report the bug.
#

---------------  T H R E A D  ---------------

Current thread (0x0000000002d22800):  JavaThread "main" [_thread_in_native, id=23296, stack(0x0000000002b70000,0x0000000002c70000)]

siginfo: ExceptionCode=0xc0000005, reading address 0x0000000000000063

Registers:
RAX=0x0000000000000063, RBX=0x0000000002c6dce0, RCX=0x0000000000000009, RDX=0x0000000000d108a8
RSP=0x0000000002c6dc30, RBP=0x0000000002c6dd60, RSI=0x0000000002c6e148, RDI=0x00000000ffffffff
R8 =0x0000000000000001, R9 =0x0000000000000001, R10=0x0000000000d108a8, R11=0x00007ffe38430980
R12=0x0000000000000000, R13=0x00000000218f3130, R14=0x00007ffe3840bc10, R15=0x000000000000012f
RIP=0x00007ffe3835a4fd, EFLAGS=0x0000000000010246

Top of Stack: (sp=0x0000000002c6dc30)
0x0000000002c6dc30:   0000000002d22800 0000000002c6ddd8
0x0000000002c6dc40:   000000001bffb2c8 0000000000000000
0x0000000002c6dc50:   0000000002c6e46c 00007ffe3835b216
0x0000000002c6dc60:   0000000002c6e1e0 0000000000000000
0x0000000002c6dc70:   00007ffe3842f4e8 0000000000000000
0x0000000002c6dc80:   0000000002c6dc98 0000000002c6dc90
0x0000000002c6dc90:   0000000002c6e278 0000000002c6dcc0
0x0000000002c6dca0:   0000000000000063 0000000000000024
0x0000000002c6dcb0:   00007ffe3842f4e8 0000000000000000
0x0000000002c6dcc0:   00007ffe3842f0b0 0000000000d11ca0
0x0000000002c6dcd0:   0000000000007e00 0000000000d00150
0x0000000002c6dce0:   0000000000000024 0000000002c6dcc0
0x0000000002c6dcf0:   0000000000000000 0000000000000063
0x0000000002c6dd00:   0000000002c6e278 0000000000000000
0x0000000002c6dd10:   0000000000000000 0000000000000000
0x0000000002c6dd20:   0000000002d20000 00000000000003ff 

Instructions: (pc=0x00007ffe3835a4fd)
0x00007ffe3835a4dd:   35 2e 17 0b 00 ff 83 70 04 00 00 83 bb 70 04 00
0x00007ffe3835a4ed:   00 02 0f 84 c5 00 00 00 83 63 50 00 83 63 2c 00
0x00007ffe3835a4fd:   8a 00 88 43 41 84 c0 0f 84 a3 00 00 00 48 ff 43
0x00007ffe3835a50d:   18 83 7b 28 00 48 8b 43 18 7c ca 48 0f be 53 41 


Register to memory mapping:

RAX=0x0000000000000063 is an unknown value
RBX=0x0000000002c6dce0 is pointing into the stack for thread: 0x0000000002d22800
RCX=0x0000000000000009 is an unknown value
RDX=0x0000000000d108a8 is an unknown value
RSP=0x0000000002c6dc30 is pointing into the stack for thread: 0x0000000002d22800
RBP=0x0000000002c6dd60 is pointing into the stack for thread: 0x0000000002d22800
RSI=0x0000000002c6e148 is pointing into the stack for thread: 0x0000000002d22800
RDI=0x00000000ffffffff is an unknown value
R8 =0x0000000000000001 is an unknown value
R9 =0x0000000000000001 is an unknown value
R10=0x0000000000d108a8 is an unknown value
R11=0x00007ffe38430980 is an unknown value
R12=0x0000000000000000 is an unknown value
R13={method} {0x00000000218f3138} 'listProcesses' '()[Ljava/lang/String;' in 'me/helldiner/holdon/hook/Injector'
R14=0x00007ffe3840bc10 is an unknown value
R15=0x000000000000012f is an unknown value


Stack: [0x0000000002b70000,0x0000000002c70000],  sp=0x0000000002c6dc30,  free space=1015k
Native frames: (J=compiled Java code, j=interpreted, Vv=VM code, C=native code)
C  [ucrtbase.dll+0x1a4fd]
C  [ucrtbase.dll+0x1b216]
C  [ucrtbase.dll+0x1b347]
C  [ucrtbase.dll+0x1b3e4]
C  [injector.dll+0x105b]  printf+0x4b
C  [injector.dll+0x11ed]  Java_me_helldiner_holdon_hook_Injector_listProcesses+0x17d
C  0x0000000002e38c67

Java frames: (J=compiled Java code, j=interpreted, Vv=VM code)
j  me.helldiner.holdon.hook.Injector.listProcesses()[Ljava/lang/String;+0
j  me.helldiner.holdon.load.AppLoader.<init>(Lme/helldiner/holdon/gui/IWindow;)V+65
j  me.helldiner.holdon.main.Main.main([Ljava/lang/String;)V+12
v  ~StubRoutines::call_stub

---------------  P R O C E S S  ---------------

Java Threads: ( => current thread )
  0x000000001ffe6000 JavaThread "AWT-EventQueue-0" [_thread_in_Java, id=10400, stack(0x00000000216c0000,0x00000000217c0000)]
  0x000000001ff20800 JavaThread "AWT-Windows" daemon [_thread_in_native, id=19864, stack(0x00000000208b0000,0x00000000209b0000)]
  0x000000001ff1f800 JavaThread "AWT-Shutdown" [_thread_blocked, id=16856, stack(0x00000000207b0000,0x00000000208b0000)]
  0x000000001ff1f000 JavaThread "Java2D Disposer" daemon [_thread_blocked, id=22168, stack(0x00000000206b0000,0x00000000207b0000)]
  0x000000001e14c000 JavaThread "Service Thread" daemon [_thread_blocked, id=15684, stack(0x000000001fb40000,0x000000001fc40000)]
  0x000000001e0c0000 JavaThread "C1 CompilerThread3" daemon [_thread_in_vm, id=7112, stack(0x000000001fa40000,0x000000001fb40000)]
  0x000000001e0bf800 JavaThread "C2 CompilerThread2" daemon [_thread_in_native, id=15264, stack(0x000000001f940000,0x000000001fa40000)]
  0x000000001e0b7800 JavaThread "C2 CompilerThread1" daemon [_thread_in_native, id=23324, stack(0x000000001f840000,0x000000001f940000)]
  0x000000001e0b3800 JavaThread "C2 CompilerThread0" daemon [_thread_blocked, id=17064, stack(0x000000001f740000,0x000000001f840000)]
  0x000000001e0ad800 JavaThread "Attach Listener" daemon [_thread_blocked, id=18848, stack(0x000000001f640000,0x000000001f740000)]
  0x000000001e0ac000 JavaThread "Signal Dispatcher" daemon [_thread_blocked, id=10080, stack(0x000000001f540000,0x000000001f640000)]
  0x000000001e0a3000 JavaThread "Finalizer" daemon [_thread_blocked, id=21164, stack(0x000000001f310000,0x000000001f410000)]
  0x000000001c9cc800 JavaThread "Reference Handler" daemon [_thread_blocked, id=18720, stack(0x000000001f210000,0x000000001f310000)]
=>0x0000000002d22800 JavaThread "main" [_thread_in_native, id=23296, stack(0x0000000002b70000,0x0000000002c70000)]

Other Threads:
  0x000000001c9c6800 VMThread [stack: 0x000000001f110000,0x000000001f210000] [id=20472]
  0x000000001e172000 WatcherThread [stack: 0x000000001fc40000,0x000000001fd40000] [id=22892]

VM state:not at safepoint (normal execution)

VM Mutex/Monitor currently owned by a thread: None

heap address: 0x00000006c2600000, size: 4058 MB, Compressed Oops mode: Zero based, Oop shift amount: 3
Narrow klass base: 0x0000000000000000, Narrow klass shift: 3
Compressed class space size: 1073741824 Address: 0x00000007c0000000

Heap:
 PSYoungGen      total 75776K, used 24613K [0x000000076b780000, 0x0000000770c00000, 0x00000007c0000000)
  eden space 65024K, 37% used [0x000000076b780000,0x000000076cf89788,0x000000076f700000)
  from space 10752K, 0% used [0x0000000770180000,0x0000000770180000,0x0000000770c00000)
  to   space 10752K, 0% used [0x000000076f700000,0x000000076f700000,0x0000000770180000)
 ParOldGen       total 173568K, used 0K [0x00000006c2600000, 0x00000006ccf80000, 0x000000076b780000)
  object space 173568K, 0% used [0x00000006c2600000,0x00000006c2600000,0x00000006ccf80000)
 Metaspace       used 10349K, capacity 10546K, committed 10880K, reserved 1058816K
  class space    used 1275K, capacity 1355K, committed 1408K, reserved 1048576K

Card table byte_map: [0x00000000121e0000,0x00000000129d0000] byte_map_base: 0x000000000ebcd000

Marking Bits: (ParMarkBitMap*) 0x000000006317af90
 Begin Bits: [0x0000000013920000, 0x0000000017888000)
 End Bits:   [0x0000000017888000, 0x000000001b7f0000)

Polling page: 0x00000000012a0000

CodeCache: size=245760Kb used=2329Kb max_used=2329Kb free=243430Kb
 bounds [0x0000000002e20000, 0x0000000003090000, 0x0000000011e20000]
 total_blobs=1035 nmethods=556 adapters=392
 compilation: enabled

Compilation events (10 events):
Event: 0.570 Thread 0x000000001e0c0000 nmethod 469 0x00000000030301d0 code [0x0000000003030320, 0x0000000003030490]
Event: 0.573 Thread 0x000000001e0c0000  470       3       java.util.IdentityHashMap$IdentityHashMapIterator::nextIndex (72 bytes)
Event: 0.573 Thread 0x000000001e0c0000 nmethod 470 0x0000000003030950 code [0x0000000003030ae0, 0x0000000003030ec8]
Event: 0.573 Thread 0x000000001e0c0000  471       1       java.awt.Component::getWidth (5 bytes)
Event: 0.573 Thread 0x000000001e0c0000 nmethod 471 0x0000000003031010 code [0x0000000003031160, 0x0000000003031270]
Event: 0.574 Thread 0x000000001e0c0000  472       1       java.awt.Component::getHeight (5 bytes)
Event: 0.574 Thread 0x000000001e0c0000 nmethod 472 0x00000000030312d0 code [0x0000000003031420, 0x0000000003031530]
Event: 0.574 Thread 0x000000001e0c0000  473       3       java.awt.Component::getParent (5 bytes)
Event: 0.574 Thread 0x000000001e0c0000 nmethod 473 0x0000000003031590 code [0x00000000030316e0, 0x00000000030318d0]
Event: 0.576 Thread 0x000000001e0c0000  474       3       javax.swing.UIManager::getDefaults (10 bytes)

GC Heap History (0 events):
No events

Deoptimization events (1 events):
Event: 0.148 Thread 0x0000000002d22800 Uncommon trap: reason=null_check action=make_not_entrant pc=0x0000000002f8a8d4 method=java.lang.String.equals(Ljava/lang/Object;)Z @ 8

Classes redefined (0 events):
No events

Internal exceptions (10 events):
Event: 0.023 Thread 0x0000000002d22800 Exception <a 'java/lang/NoSuchMethodError': Method sun.misc.Unsafe.prefetchRead(Ljava/lang/Object;J)V name or signature does not match> (0x000000076b787fa8) thrown at [C:\jenkins\workspace\8-2-build-windows-amd64-cygwin\jdk8u251\737\hotspot\src\share\vm\p
Event: 0.067 Thread 0x0000000002d22800 Exception <a 'java/security/PrivilegedActionException'> (0x000000076b804fa8) thrown at [C:\jenkins\workspace\8-2-build-windows-amd64-cygwin\jdk8u251\737\hotspot\src\share\vm\prims\jvm.cpp, line 1502]
Event: 0.067 Thread 0x0000000002d22800 Exception <a 'java/security/PrivilegedActionException'> (0x000000076b8051b8) thrown at [C:\jenkins\workspace\8-2-build-windows-amd64-cygwin\jdk8u251\737\hotspot\src\share\vm\prims\jvm.cpp, line 1502]
Event: 0.067 Thread 0x0000000002d22800 Exception <a 'java/security/PrivilegedActionException'> (0x000000076b808e28) thrown at [C:\jenkins\workspace\8-2-build-windows-amd64-cygwin\jdk8u251\737\hotspot\src\share\vm\prims\jvm.cpp, line 1502]
Event: 0.067 Thread 0x0000000002d22800 Exception <a 'java/security/PrivilegedActionException'> (0x000000076b809038) thrown at [C:\jenkins\workspace\8-2-build-windows-amd64-cygwin\jdk8u251\737\hotspot\src\share\vm\prims\jvm.cpp, line 1502]
Event: 0.072 Thread 0x0000000002d22800 Exception <a 'java/io/FileNotFoundException'> (0x000000076b80bbb0) thrown at [C:\jenkins\workspace\8-2-build-windows-amd64-cygwin\jdk8u251\737\hotspot\src\share\vm\prims\jni.cpp, line 710]
Event: 0.094 Thread 0x0000000002d22800 Exception <a 'java/lang/NoSuchFieldError': method resolution failed> (0x000000076ba21578) thrown at [C:\jenkins\workspace\8-2-build-windows-amd64-cygwin\jdk8u251\737\hotspot\src\share\vm\prims\methodHandles.cpp, line 1167]
Event: 0.095 Thread 0x0000000002d22800 Exception <a 'java/lang/NoSuchFieldError': method resolution failed> (0x000000076ba2e948) thrown at [C:\jenkins\workspace\8-2-build-windows-amd64-cygwin\jdk8u251\737\hotspot\src\share\vm\prims\methodHandles.cpp, line 1167]
Event: 0.134 Thread 0x0000000002d22800 Exception <a 'java/io/FileNotFoundException'> (0x000000076bad5c78) thrown at [C:\jenkins\workspace\8-2-build-windows-amd64-cygwin\jdk8u251\737\hotspot\src\share\vm\prims\jni.cpp, line 710]
Event: 0.148 Thread 0x0000000002d22800 Implicit null exception at 0x0000000002f8a6e6 to 0x0000000002f8a8c5

Events (10 events):
Event: 0.563 loading class javax/swing/JInternalFrame
Event: 0.564 loading class javax/swing/JInternalFrame done
Event: 0.564 loading class javax/swing/KeyboardManager$ComponentKeyStrokePair
Event: 0.564 loading class javax/swing/KeyboardManager$ComponentKeyStrokePair done
Event: 0.569 loading class me/helldiner/holdon/hook/Injector
Event: 0.569 loading class me/helldiner/holdon/hook/Injector done
Event: 0.570 loading class javax/swing/RepaintManager$3
Event: 0.570 loading class javax/swing/RepaintManager$3 done
Event: 0.570 loading class javax/swing/SizeRequirements
Event: 0.570 loading class javax/swing/SizeRequirements done


Dynamic libraries:
0x00007ff6be930000 - 0x00007ff6be967000 	C:\Program Files\Java\jre1.8.0_251\bin\javaw.exe
0x00007ffe3ab10000 - 0x00007ffe3ad05000 	C:\WINDOWS\SYSTEM32\ntdll.dll
0x00007ffe394f0000 - 0x00007ffe395ad000 	C:\WINDOWS\System32\KERNEL32.DLL
0x00007ffe387c0000 - 0x00007ffe38a89000 	C:\WINDOWS\System32\KERNELBASE.dll
0x00007ffe38b70000 - 0x00007ffe38c1c000 	C:\WINDOWS\System32\ADVAPI32.dll
0x00007ffe398d0000 - 0x00007ffe3996e000 	C:\WINDOWS\System32\msvcrt.dll
0x00007ffe39830000 - 0x00007ffe398cc000 	C:\WINDOWS\System32\sechost.dll
0x00007ffe38c20000 - 0x00007ffe38d4b000 	C:\WINDOWS\System32\RPCRT4.dll
0x00007ffe3a240000 - 0x00007ffe3a3e0000 	C:\WINDOWS\System32\USER32.dll
0x00007ffe38730000 - 0x00007ffe38752000 	C:\WINDOWS\System32\win32u.dll
0x00007ffe3a3f0000 - 0x00007ffe3a41a000 	C:\WINDOWS\System32\GDI32.dll
0x00007ffe385a0000 - 0x00007ffe386ab000 	C:\WINDOWS\System32\gdi32full.dll
0x00007ffe382a0000 - 0x00007ffe3833d000 	C:\WINDOWS\System32\msvcp_win.dll
0x00007ffe38340000 - 0x00007ffe38440000 	C:\WINDOWS\System32\ucrtbase.dll
0x00007ffe21a80000 - 0x00007ffe21d1a000 	C:\WINDOWS\WinSxS\amd64_microsoft.windows.common-controls_6595b64144ccf1df_6.0.19041.844_none_ca00b6081b84eb1d\COMCTL32.dll
0x00007ffe394c0000 - 0x00007ffe394f0000 	C:\WINDOWS\System32\IMM32.DLL
0x0000000062740000 - 0x0000000062812000 	C:\Program Files\Java\jre1.8.0_251\bin\msvcr100.dll
0x0000000062950000 - 0x00000000631fb000 	C:\Program Files\Java\jre1.8.0_251\bin\server\jvm.dll
0x00007ffe3a120000 - 0x00007ffe3a128000 	C:\WINDOWS\System32\PSAPI.DLL
0x00007ffe30850000 - 0x00007ffe3085a000 	C:\WINDOWS\SYSTEM32\VERSION.dll
0x00007ffe23a60000 - 0x00007ffe23a87000 	C:\WINDOWS\SYSTEM32\WINMM.dll
0x00007ffe1bea0000 - 0x00007ffe1bea9000 	C:\WINDOWS\SYSTEM32\WSOCK32.dll
0x00007ffe39710000 - 0x00007ffe3977b000 	C:\WINDOWS\System32\WS2_32.dll
0x00007ffe32070000 - 0x00007ffe3207f000 	C:\Program Files\Java\jre1.8.0_251\bin\verify.dll
0x00007ffe216f0000 - 0x00007ffe21719000 	C:\Program Files\Java\jre1.8.0_251\bin\java.dll
0x00007ffe22700000 - 0x00007ffe22716000 	C:\Program Files\Java\jre1.8.0_251\bin\zip.dll
0x00007ffe39970000 - 0x00007ffe3a0b2000 	C:\WINDOWS\System32\SHELL32.dll
0x00007ffe36350000 - 0x00007ffe36ae0000 	C:\WINDOWS\SYSTEM32\windows.storage.dll
0x00007ffe3a500000 - 0x00007ffe3a855000 	C:\WINDOWS\System32\combase.dll
0x00007ffe37cc0000 - 0x00007ffe37cec000 	C:\WINDOWS\SYSTEM32\Wldp.dll
0x00007ffe39780000 - 0x00007ffe3982e000 	C:\WINDOWS\System32\SHCORE.dll
0x00007ffe3a1e0000 - 0x00007ffe3a235000 	C:\WINDOWS\System32\shlwapi.dll
0x00007ffe38190000 - 0x00007ffe381af000 	C:\WINDOWS\SYSTEM32\profapi.dll
0x00007ffdbd750000 - 0x00007ffdbd8ea000 	C:\Program Files\Java\jre1.8.0_251\bin\awt.dll
0x00007ffe39640000 - 0x00007ffe3970d000 	C:\WINDOWS\System32\OLEAUT32.dll
0x00007ffe35ac0000 - 0x00007ffe35b50000 	C:\WINDOWS\SYSTEM32\apphelp.dll
0x00007ffe35bb0000 - 0x00007ffe35c4e000 	C:\WINDOWS\system32\uxtheme.dll
0x00007ffe3a860000 - 0x00007ffe3a975000 	C:\WINDOWS\System32\MSCTF.dll
0x00007ffe3a980000 - 0x00007ffe3aaaa000 	C:\WINDOWS\System32\ole32.dll
0x00007ffe36150000 - 0x00007ffe36162000 	C:\WINDOWS\SYSTEM32\kernel.appcore.dll
0x00007ffe386b0000 - 0x00007ffe38730000 	C:\WINDOWS\System32\bcryptPrimitives.dll
0x00007ffe35e60000 - 0x00007ffe35e8f000 	C:\WINDOWS\system32\DWMAPI.DLL
0x00007ffdfdfd0000 - 0x00007ffdfe0f6000 	C:\WINDOWS\system32\opengl32.dll
0x00007ffdfdf50000 - 0x00007ffdfdf7c000 	C:\WINDOWS\SYSTEM32\GLU32.dll
0x00007ffe37b90000 - 0x00007ffe37ba8000 	C:\WINDOWS\SYSTEM32\CRYPTSP.dll
0x00007ffe37330000 - 0x00007ffe37364000 	C:\WINDOWS\system32\rsaenh.dll
0x00007ffe38b40000 - 0x00007ffe38b67000 	C:\WINDOWS\System32\bcrypt.dll
0x00007ffe38150000 - 0x00007ffe3817e000 	C:\WINDOWS\SYSTEM32\USERENV.dll
0x00007ffe37bc0000 - 0x00007ffe37bcc000 	C:\WINDOWS\SYSTEM32\CRYPTBASE.dll
0x00007ffe22140000 - 0x00007ffe2215a000 	C:\Program Files\Java\jre1.8.0_251\bin\net.dll
0x00007ffe379f0000 - 0x00007ffe37a5a000 	C:\WINDOWS\system32\mswsock.dll
0x00007ffe376a0000 - 0x00007ffe376db000 	C:\WINDOWS\SYSTEM32\IPHLPAPI.DLL
0x00007ffe3a3e0000 - 0x00007ffe3a3e8000 	C:\WINDOWS\System32\NSI.dll
0x00007ffe30fe0000 - 0x00007ffe30ff7000 	C:\WINDOWS\SYSTEM32\dhcpcsvc6.DLL
0x00007ffe30fc0000 - 0x00007ffe30fdd000 	C:\WINDOWS\SYSTEM32\dhcpcsvc.DLL
0x00007ffe376f0000 - 0x00007ffe377bb000 	C:\WINDOWS\SYSTEM32\DNSAPI.dll
0x00007ffe213c0000 - 0x00007ffe213d2000 	C:\Program Files\Java\jre1.8.0_251\bin\nio.dll
0x00007ffe215b0000 - 0x00007ffe215f9000 	C:\Program Files\Java\jre1.8.0_251\bin\fontmanager.dll
0x00007ffe2cdd0000 - 0x00007ffe2cecb000 	C:\WINDOWS\SYSTEM32\textinputframework.dll
0x00007ffe35530000 - 0x00007ffe3588e000 	C:\WINDOWS\System32\CoreUIComponents.dll
0x00007ffe35890000 - 0x00007ffe35982000 	C:\WINDOWS\System32\CoreMessaging.dll
0x00007ffe36f40000 - 0x00007ffe36f73000 	C:\WINDOWS\SYSTEM32\ntmarta.dll
0x00007ffe341d0000 - 0x00007ffe34324000 	C:\WINDOWS\SYSTEM32\wintypes.dll
0x00007ffe3a130000 - 0x00007ffe3a1d9000 	C:\WINDOWS\System32\clbcatq.dll
0x00007ffe341c0000 - 0x00007ffe341cc000 	C:\Users\autou\source\repos\HoldOn\app\lib\injector.dll
0x00007ffe22830000 - 0x00007ffe22845000 	C:\Program Files\Java\jre1.8.0_251\bin\VCRUNTIME140.dll
0x00007ffe079e0000 - 0x00007ffe07a7b000 	C:\Program Files\Java\jre1.8.0_251\bin\MSVCP140.dll
0x00007ffe104d0000 - 0x00007ffe104dc000 	C:\WINDOWS\SYSTEM32\VCRUNTIME140_1.dll
0x00007ffe32120000 - 0x00007ffe32129000 	C:\Users\autou\source\repos\HoldOn\app\lib\pipe_server.dll
0x00007ffe21560000 - 0x00007ffe215a2000 	C:\Program Files\Java\jre1.8.0_251\bin\t2k.dll
0x00007ffe139f0000 - 0x00007ffe13bd4000 	C:\WINDOWS\SYSTEM32\dbghelp.dll

VM Arguments:
jvm_args: -Dfile.encoding=Cp1252 
java_command: me.helldiner.holdon.main.Main
java_class_path (initial): C:\Users\autou\source\repos\HoldOn\app\bin
Launcher Type: SUN_STANDARD

Environment Variables:
JAVA_HOME=C:\Program Files\Java\jdk8u252-b09
CLASSPATH=../class;../classpath
USERNAME=autou
OS=Windows_NT
PROCESSOR_IDENTIFIER=Intel64 Family 6 Model 158 Stepping 10, GenuineIntel



---------------  S Y S T E M  ---------------

OS: Windows 10.0 , 64 bit Build 19041 (10.0.19041.804)

CPU:total 12 (initial active 12) (6 cores per cpu, 2 threads per core) family 6 model 158 stepping 10, cmov, cx8, fxsr, mmx, sse, sse2, sse3, ssse3, sse4.1, sse4.2, popcnt, avx, avx2, aes, clmul, erms, 3dnowpref, lzcnt, ht, tsc, tscinvbit, bmi1, bmi2, adx

Memory: 4k page, physical 16615076k(3419964k free), swap 28673700k(6275312k free)

vm_info: Java HotSpot(TM) 64-Bit Server VM (25.251-b08) for windows-amd64 JRE (1.8.0_251-b08), built on Mar 12 2020 06:31:49 by "" with MS VC++ 10.0 (VS2010)

time: Fri Mar 12 23:10:29 2021
timezone: Paris, Madrid
elapsed time: 0 seconds (0d 0h 0m 0s)

