  dllmain.cpp
C:\Users\autou\source\repos\HoldOn\engine\net_hooks\src\dllmain.cpp(14,28): warning C4244: '=' : conversion de 'SIZE_T' en 'DWORD', perte possible de données
C:\Users\autou\source\repos\HoldOn\engine\net_hooks\src\dllmain.cpp(15,22): warning C4018: '<' : incompatibilité signed/unsigned
C:\Users\autou\source\repos\HoldOn\engine\net_hooks\src\dllmain.cpp(28,30): warning C4018: '<' : incompatibilité signed/unsigned
C:\Users\autou\source\repos\HoldOn\engine\net_hooks\src\dllmain.cpp(28,58): warning C4018: '<' : incompatibilité signed/unsigned
C:\Users\autou\source\repos\HoldOn\engine\net_hooks\src\dllmain.cpp(30,36): warning C4018: '<' : incompatibilité signed/unsigned
C:\Users\autou\source\repos\HoldOn\engine\net_hooks\src\dllmain.cpp(30,61): warning C4018: '<' : incompatibilité signed/unsigned
  pch.cpp
  pipe_client.cpp
LINK : warning C4727: PCH nommé c:\users\autou\source\repos\holdon\engine\net_hooks\x64\dbg\net_hooks.pch comportant le même horodatage dans c:\users\autou\source\repos\holdon\engine\net_hooks\x64\dbg\pch.obj et c:\users\autou\source\repos\holdon\engine\net_hooks\x64\dbg\dllmain.obj. Utilisation du premier PCH.
LINK : warning C4727: PCH nommé c:\users\autou\source\repos\holdon\engine\net_hooks\x64\dbg\net_hooks.pch comportant le même horodatage dans c:\users\autou\source\repos\holdon\engine\net_hooks\x64\dbg\pipe_client.obj et c:\users\autou\source\repos\holdon\engine\net_hooks\x64\dbg\dllmain.obj. Utilisation du premier PCH.
     Création de la bibliothèque C:\Users\autou\source\repos\HoldOn\engine\net_hooks\x64\Dbg\net_hooks.lib et de l'objet C:\Users\autou\source\repos\HoldOn\engine\net_hooks\x64\Dbg\net_hooks.exp
  Génération de code en cours
  Previous IPDB not found, fall back to full compilation.
  All 65 functions were compiled because no usable IPDB/IOBJ from previous compilation was found.
  Fin de la génération du code
  net_hooks.vcxproj -> C:\Users\autou\source\repos\HoldOn\engine\net_hooks\x64\Dbg\net_hooks.dll
  0 fichier(s) copié(s)
  0 fichier(s) copié(s)
  C:\Users\autou\source\repos\HoldOn\engine\net_hooks\x64\Dbg\net_hooks.dll
  1 fichier(s) copié(s)
